00:00:11.659 [http-nio-8080-exec-1  ] INFO  o.a.c.c.C.[Tomcat].[localhost].[/] - Initializing Spring DispatcherServlet 'dispatcherServlet'
00:00:11.663 [http-nio-8080-exec-1  ] INFO  o.s.web.servlet.DispatcherServlet - Initializing Servlet 'dispatcherServlet'
00:00:11.664 [http-nio-8080-exec-1  ] INFO  o.s.web.servlet.DispatcherServlet - Completed initialization in 1 ms
00:00:12.969 [http-nio-8080-exec-1  ] WARN  o.a.c.util.SessionIdGeneratorBase - Creation of SecureRandom instance for session ID generation using [SHA1PRNG] took [110] milliseconds.
00:01:56.789 [background-preinit    ] INFO  o.h.validator.internal.util.Version - HV000001: Hibernate Validator 6.2.0.Final
00:01:56.789 [main                  ] INFO  c.a.AutoLeasingAppApplication - Starting AutoLeasingAppApplication using Java 15.0.1 on DESKTOP-01OFPC5 with PID 3088 (C:\Users\Админ\IdeaProjects\untitled\auto-leasing-app_main\target\classes started by Админ in C:\Users\Админ\IdeaProjects\untitled\auto-leasing-app_main)
00:01:56.827 [main                  ] INFO  c.a.AutoLeasingAppApplication - No active profile set, falling back to default profiles: default
00:02:00.545 [main                  ] INFO  o.s.d.r.c.RepositoryConfigurationDelegate - Bootstrapping Spring Data JPA repositories in DEFAULT mode.
00:02:00.686 [main                  ] INFO  o.s.d.r.c.RepositoryConfigurationDelegate - Finished Spring Data repository scanning in 123 ms. Found 3 JPA repository interfaces.
00:02:01.454 [main                  ] INFO  o.s.b.w.e.tomcat.TomcatWebServer - Tomcat initialized with port(s): 8080 (http)
00:02:01.468 [main                  ] INFO  o.a.coyote.http11.Http11NioProtocol - Initializing ProtocolHandler ["http-nio-8080"]
00:02:01.470 [main                  ] INFO  o.a.catalina.core.StandardService - Starting service [Tomcat]
00:02:01.470 [main                  ] INFO  o.a.catalina.core.StandardEngine - Starting Servlet engine: [Apache Tomcat/9.0.48]
00:02:01.659 [main                  ] INFO  o.a.c.c.C.[Tomcat].[localhost].[/] - Initializing Spring embedded WebApplicationContext
00:02:01.660 [main                  ] INFO  o.s.b.w.s.c.ServletWebServerApplicationContext - Root WebApplicationContext: initialization completed in 4719 ms
00:02:01.864 [main                  ] INFO  com.zaxxer.hikari.HikariDataSource - HikariPool-1 - Starting...
00:02:02.374 [main                  ] INFO  com.zaxxer.hikari.HikariDataSource - HikariPool-1 - Start completed.
00:02:02.510 [main                  ] INFO  o.h.jpa.internal.util.LogHelper - HHH000204: Processing PersistenceUnitInfo [name: default]
00:02:02.644 [main                  ] INFO  org.hibernate.Version - HHH000412: Hibernate ORM core version 5.4.32.Final
00:02:02.883 [main                  ] INFO  o.h.annotations.common.Version - HCANN000001: Hibernate Commons Annotations {5.1.2.Final}
00:02:03.109 [main                  ] INFO  org.hibernate.dialect.Dialect - HHH000400: Using dialect: org.hibernate.dialect.PostgreSQL10Dialect
00:02:04.280 [main                  ] INFO  o.h.e.t.j.p.i.JtaPlatformInitiator - HHH000490: Using JtaPlatform implementation: [org.hibernate.engine.transaction.jta.platform.internal.NoJtaPlatform]
00:02:04.296 [main                  ] INFO  o.s.o.j.LocalContainerEntityManagerFactoryBean - Initialized JPA EntityManagerFactory for persistence unit 'default'
00:02:05.028 [main                  ] WARN  o.s.b.a.o.j.JpaBaseConfiguration$JpaWebConfiguration - spring.jpa.open-in-view is enabled by default. Therefore, database queries may be performed during view rendering. Explicitly configure spring.jpa.open-in-view to disable this warning
00:02:05.283 [main                  ] INFO  o.s.b.a.w.s.WelcomePageHandlerMapping - Adding welcome page: class path resource [static/index.html]
00:02:05.554 [main                  ] INFO  o.a.coyote.http11.Http11NioProtocol - Starting ProtocolHandler ["http-nio-8080"]
00:02:05.619 [main                  ] INFO  o.s.b.w.e.tomcat.TomcatWebServer - Tomcat started on port(s): 8080 (http) with context path ''
00:02:05.635 [main                  ] INFO  c.a.AutoLeasingAppApplication - Started AutoLeasingAppApplication in 10.384 seconds (JVM running for 13.204)
00:02:26.688 [http-nio-8080-exec-2  ] INFO  o.a.c.c.C.[Tomcat].[localhost].[/] - Initializing Spring DispatcherServlet 'dispatcherServlet'
00:02:26.690 [http-nio-8080-exec-2  ] INFO  o.s.web.servlet.DispatcherServlet - Initializing Servlet 'dispatcherServlet'
00:02:26.692 [http-nio-8080-exec-2  ] INFO  o.s.web.servlet.DispatcherServlet - Completed initialization in 2 ms
00:02:49.432 [http-nio-8080-exec-5  ] INFO  c.a.controllers.CarController - attempt to get all cars list
00:02:58.367 [http-nio-8080-exec-2  ] INFO  c.a.controllers.UserController - attempt to authentification UserDto{id=null, name='null', lastName='null', email='juliahome@list.ru', password='rozdin199254', setOfRoles=null, phoneNumber='null', passport=null} from authentification form
00:04:01.223 [http-nio-8080-exec-8  ] INFO  c.a.controllers.CarController - attempt to get all cars list
